This is pdfTeX, Version 3.14159265-2.6-1.40.20 (MiKTeX 2.9.7000 64-bit) (preloaded format=pdflatex 2019.9.30)  28 APR 2020 17:11
entering extended mode
**./main.tex
(main.tex
LaTeX2e <2018-12-01>
(ucthesis.cls
Document Class: ucthesis 1996/06/26 JTW's modification of 1994/10/31 v3.0 Unive
rsity of California Thesis Class
(uct12.clo)
\descriptionmargin=\dimen102
\c@part=\count80
\c@chapter=\count81
\c@section=\count82
\c@subsection=\count83
\c@subsubsection=\count84
\c@paragraph=\count85
\c@subparagraph=\count86
\abovecaptionskip=\skip41
\belowcaptionskip=\skip42
\c@figure=\count87
\c@table=\count88
)
("C:\Users\theha\AppData\Local\Programs\MiKTeX 2.9\tex/latex/etex-pkg\etex.sty"
Package: etex 2016/08/01 v2.7 eTeX basic definition package (PEB,DPC)
\et@xins=\count89
)
("C:\Users\theha\AppData\Local\Programs\MiKTeX 2.9\tex/latex/morefloats\moreflo
ats.sty"
Package: morefloats 2015/07/22 v1.0h Raise limit of unprocessed floats (HMM)

("C:\Users\theha\AppData\Local\Programs\MiKTeX 2.9\tex/latex/oberdiek\kvoptions
.sty"
Package: kvoptions 2016/05/16 v3.12 Key value format for package options (HO)

("C:\Users\theha\AppData\Local\Programs\MiKTeX 2.9\tex/latex/graphics\keyval.st
y"
Package: keyval 2014/10/28 v1.15 key=value parser (DPC)
\KV@toks@=\toks14
)
("C:\Users\theha\AppData\Local\Programs\MiKTeX 2.9\tex/generic/oberdiek\ltxcmds
.sty"
Package: ltxcmds 2016/05/16 v1.23 LaTeX kernel commands for general use (HO)
)
("C:\Users\theha\AppData\Local\Programs\MiKTeX 2.9\tex/generic/oberdiek\kvsetke
ys.sty"
Package: kvsetkeys 2016/05/16 v1.17 Key value parser (HO)

("C:\Users\theha\AppData\Local\Programs\MiKTeX 2.9\tex/generic/oberdiek\infware
rr.sty"
Package: infwarerr 2016/05/16 v1.4 Providing info/warning/error messages (HO)
)
("C:\Users\theha\AppData\Local\Programs\MiKTeX 2.9\tex/generic/oberdiek\etexcmd
s.sty"
Package: etexcmds 2016/05/16 v1.6 Avoid name clashes with e-TeX commands (HO)

("C:\Users\theha\AppData\Local\Programs\MiKTeX 2.9\tex/generic/oberdiek\ifluate
x.sty"
Package: ifluatex 2016/05/16 v1.4 Provides the ifluatex switch (HO)
Package ifluatex Info: LuaTeX not detected.
))))
Package morefloats Info: 125 more floats requested.
(morefloats)             LaTeX might run out of memory before this
(morefloats)             (in which case it will notify you)
(morefloats)              on input line 92.
Package morefloats Info: Maximum number of possible floats asked for: 143
(morefloats)             (i.e. 125 more floats).
(morefloats)             LaTeX might run out of memory before this
(morefloats)             (in which case it will notify you).
)
("C:\Users\theha\AppData\Local\Programs\MiKTeX 2.9\tex/latex/url\url.sty"
\Urlmuskip=\muskip10
Package: url 2013/09/16  ver 3.4  Verb mode for urls, etc.
)
("C:\Users\theha\AppData\Local\Programs\MiKTeX 2.9\tex/latex/subfig\subfig.sty"
Package: subfig 2005/06/28 ver: 1.3 subfig package

("C:\Users\theha\AppData\Local\Programs\MiKTeX 2.9\tex/latex/caption\caption3.s
ty"
Package: caption3 2019/09/01 v1.8d caption3 kernel (AR)
Package caption3 Info: TeX engine: e-TeX on input line 64.
\captionmargin=\dimen103
\captionmargin@=\dimen104
\captionwidth=\dimen105
\caption@tempdima=\dimen106
\caption@indent=\dimen107
\caption@parindent=\dimen108
\caption@hangindent=\dimen109
Package caption Info: Unknown document class (or package),
(caption)             standard defaults will be used.
)
\c@KVtest=\count90
\sf@farskip=\skip43
\sf@captopadj=\dimen110
\sf@capskip=\skip44
\sf@nearskip=\skip45
\c@subfigure=\count91
\c@subfigure@save=\count92
\c@lofdepth=\count93
\c@subtable=\count94
\c@subtable@save=\count95
\c@lotdepth=\count96
\sf@top=\skip46
\sf@bottom=\skip47
)
("C:\Users\theha\AppData\Local\Programs\MiKTeX 2.9\tex/latex/graphics\graphicx.
sty"
Package: graphicx 2017/06/01 v1.1a Enhanced LaTeX Graphics (DPC,SPQR)

("C:\Users\theha\AppData\Local\Programs\MiKTeX 2.9\tex/latex/graphics\graphics.
sty"
Package: graphics 2017/06/25 v1.2c Standard LaTeX Graphics (DPC,SPQR)

("C:\Users\theha\AppData\Local\Programs\MiKTeX 2.9\tex/latex/graphics\trig.sty"
Package: trig 2016/01/03 v1.10 sin cos tan (DPC)
)
("C:\Users\theha\AppData\Local\Programs\MiKTeX 2.9\tex/latex/graphics-cfg\graph
ics.cfg"
File: graphics.cfg 2016/06/04 v1.11 sample graphics configuration
)
Package graphics Info: Driver file: pdftex.def on input line 99.

("C:\Users\theha\AppData\Local\Programs\MiKTeX 2.9\tex/latex/graphics-def\pdfte
x.def"
File: pdftex.def 2018/01/08 v1.0l Graphics/color driver for pdftex
))
\Gin@req@height=\dimen111
\Gin@req@width=\dimen112
)
("C:\Users\theha\AppData\Local\Programs\MiKTeX 2.9\tex/latex/tools\tabularx.sty
"
Package: tabularx 2016/02/03 v2.11b `tabularx' package (DPC)
 ("C:\Users\theha\AppData\Local\Programs\MiKTeX 2.9\tex/latex/tools\array.sty"
Package: array 2018/12/30 v2.4k Tabular extension package (FMi)
\col@sep=\dimen113
\ar@mcellbox=\box27
\extrarowheight=\dimen114
\NC@list=\toks15
\extratabsurround=\skip48
\backup@length=\skip49
\ar@cellbox=\box28
)
\TX@col@width=\dimen115
\TX@old@table=\dimen116
\TX@old@col=\dimen117
\TX@target=\dimen118
\TX@delta=\dimen119
\TX@cols=\count97
\TX@ftn=\toks16
)
("C:\Users\theha\AppData\Local\Programs\MiKTeX 2.9\tex/latex/amsfonts\amssymb.s
ty"
Package: amssymb 2013/01/14 v3.01 AMS font symbols

("C:\Users\theha\AppData\Local\Programs\MiKTeX 2.9\tex/latex/amsfonts\amsfonts.
sty"
Package: amsfonts 2013/01/14 v3.01 Basic AMSFonts support
\@emptytoks=\toks17
\symAMSa=\mathgroup4
\symAMSb=\mathgroup5
LaTeX Font Info:    Overwriting math alphabet `\mathfrak' in version `bold'
(Font)                  U/euf/m/n --> U/euf/b/n on input line 106.
))
("C:\Users\theha\AppData\Local\Programs\MiKTeX 2.9\tex/latex/amsmath\amsmath.st
y"
Package: amsmath 2018/12/01 v2.17b AMS math features
\@mathmargin=\skip50

For additional information on amsmath, use the `?' option.

("C:\Users\theha\AppData\Local\Programs\MiKTeX 2.9\tex/latex/amsmath\amstext.st
y"
Package: amstext 2000/06/29 v2.01 AMS text

("C:\Users\theha\AppData\Local\Programs\MiKTeX 2.9\tex/latex/amsmath\amsgen.sty
"
File: amsgen.sty 1999/11/30 v2.0 generic functions
\@emptytoks=\toks18
\ex@=\dimen120
))
("C:\Users\theha\AppData\Local\Programs\MiKTeX 2.9\tex/latex/amsmath\amsbsy.sty
"
Package: amsbsy 1999/11/29 v1.2d Bold Symbols
\pmbraise@=\dimen121
)
("C:\Users\theha\AppData\Local\Programs\MiKTeX 2.9\tex/latex/amsmath\amsopn.sty
"
Package: amsopn 2016/03/08 v2.02 operator names
)
\inf@bad=\count98
LaTeX Info: Redefining \frac on input line 223.
\uproot@=\count99
\leftroot@=\count100
LaTeX Info: Redefining \overline on input line 385.
\classnum@=\count101
\DOTSCASE@=\count102
LaTeX Info: Redefining \ldots on input line 482.
LaTeX Info: Redefining \dots on input line 485.
LaTeX Info: Redefining \cdots on input line 606.
\Mathstrutbox@=\box29
\strutbox@=\box30
\big@size=\dimen122
LaTeX Font Info:    Redeclaring font encoding OML on input line 729.
LaTeX Font Info:    Redeclaring font encoding OMS on input line 730.
\macc@depth=\count103
\c@MaxMatrixCols=\count104
\dotsspace@=\muskip11
\c@parentequation=\count105
\dspbrk@lvl=\count106
\tag@help=\toks19
\row@=\count107
\column@=\count108
\maxfields@=\count109
\andhelp@=\toks20
\eqnshift@=\dimen123
\alignsep@=\dimen124
\tagshift@=\dimen125
\tagwidth@=\dimen126
\totwidth@=\dimen127
\lineht@=\dimen128
\@envbody=\toks21
\multlinegap=\skip51
\multlinetaggap=\skip52
\mathdisplay@stack=\toks22
LaTeX Info: Redefining \[ on input line 2844.
LaTeX Info: Redefining \] on input line 2845.
)
("C:\Users\theha\AppData\Local\Programs\MiKTeX 2.9\tex/latex/geometry\geometry.
sty"
Package: geometry 2018/04/16 v5.8 Page Geometry

("C:\Users\theha\AppData\Local\Programs\MiKTeX 2.9\tex/generic/oberdiek\ifpdf.s
ty"
Package: ifpdf 2018/09/07 v3.3 Provides the ifpdf switch
)
("C:\Users\theha\AppData\Local\Programs\MiKTeX 2.9\tex/generic/oberdiek\ifvtex.
sty"
Package: ifvtex 2016/05/16 v1.6 Detect VTeX and its facilities (HO)
Package ifvtex Info: VTeX not detected.
)
("C:\Users\theha\AppData\Local\Programs\MiKTeX 2.9\tex/generic/ifxetex\ifxetex.
sty"
Package: ifxetex 2010/09/12 v0.6 Provides ifxetex conditional
)
\Gm@cnth=\count110
\Gm@cntv=\count111
\c@Gm@tempcnt=\count112
\Gm@bindingoffset=\dimen129
\Gm@wd@mp=\dimen130
\Gm@odd@mp=\dimen131
\Gm@even@mp=\dimen132
\Gm@layoutwidth=\dimen133
\Gm@layoutheight=\dimen134
\Gm@layouthoffset=\dimen135
\Gm@layoutvoffset=\dimen136
\Gm@dimlist=\toks23

("C:\Users\theha\AppData\Local\Programs\MiKTeX 2.9\tex/latex/geometry\geometry.
cfg"))
("C:\Users\theha\AppData\Local\Programs\MiKTeX 2.9\tex/latex/textcase\textcase.
sty"
Package: textcase 2019/09/14 v1.00 Text only upper/lower case changing (DPC)
)
("C:\Users\theha\AppData\Local\Programs\MiKTeX 2.9\tex/latex/graphics\color.sty
"
Package: color 2016/07/10 v1.1e Standard LaTeX Color (DPC)

("C:\Users\theha\AppData\Local\Programs\MiKTeX 2.9\tex/latex/graphics-cfg\color
.cfg"
File: color.cfg 2016/01/02 v1.6 sample color configuration
)
Package color Info: Driver file: pdftex.def on input line 147.
)
("C:\Users\theha\AppData\Local\Programs\MiKTeX 2.9\tex/latex/glossaries/base\gl
ossaries.sty"
Package: glossaries 2020/02/13 v4.45 (NLCT)

("C:\Users\theha\AppData\Local\Programs\MiKTeX 2.9\tex/latex/base\ifthen.sty"
Package: ifthen 2014/09/29 v1.1c Standard LaTeX ifthen package (DPC)
)
("C:\Users\theha\AppData\Local\Programs\MiKTeX 2.9\tex/latex/xkeyval\xkeyval.st
y"
Package: xkeyval 2014/12/03 v2.7a package option processing (HA)

("C:\Users\theha\AppData\Local\Programs\MiKTeX 2.9\tex/generic/xkeyval\xkeyval.
tex"
("C:\Users\theha\AppData\Local\Programs\MiKTeX 2.9\tex/generic/xkeyval\xkvutils
.tex"
\XKV@toks=\toks24
\XKV@tempa@toks=\toks25
)
\XKV@depth=\count113
File: xkeyval.tex 2014/12/03 v2.7a key=value parser (HA)
))
("C:\Users\theha\AppData\Local\Programs\MiKTeX 2.9\tex/latex/mfirstuc\mfirstuc.
sty"
Package: mfirstuc 2017/11/14 v2.06 (NLCT)

("C:\Users\theha\AppData\Local\Programs\MiKTeX 2.9\tex/latex/etoolbox\etoolbox.
sty"
Package: etoolbox 2019/09/21 v2.5h e-TeX tools for LaTeX (JAW)
\etb@tempcnta=\count114
)
\@glsmfirst=\toks26
\@glsmrest=\toks27
)
("C:\Users\theha\AppData\Local\Programs\MiKTeX 2.9\tex/latex/xfor\xfor.sty"
Package: xfor 2009/02/05 v1.05 (NLCT)
)
("C:\Users\theha\AppData\Local\Programs\MiKTeX 2.9\tex/latex/datatool\datatool-
base.sty"
Package: datatool-base 2019/09/27 v2.32 (NLCT)

("C:\Users\theha\AppData\Local\Programs\MiKTeX 2.9\tex/latex/substr\substr.sty"
Package: substr 2009/10/20 v1.2 Handle substrings
\c@su@anzahl=\count115
)
("C:\Users\theha\AppData\Local\Programs\MiKTeX 2.9\tex/latex/datatool\datatool-
fp.sty"
Package: datatool-fp 2019/09/27 v2.32 (NLCT)
 ("C:\Users\theha\AppData\Local\Programs\MiKTeX 2.9\tex/latex/fp\fp.sty"
Package: fp 1995/04/02
`Fixed Point Package', Version 0.8, April 2, 1995 (C) Michael Mehlich
("C:\Users\theha\AppData\Local\Programs\MiKTeX 2.9\tex/latex/fp\defpattern.sty"
Package: defpattern 1994/10/12
\actioncount=\count116
) ("C:\Users\theha\AppData\Local\Programs\MiKTeX 2.9\tex/latex/fp\fp-basic.sty"
Package: fp-basic 1996/05/13
\FP@xs=\count117
\FP@xia=\count118
\FP@xib=\count119
\FP@xfa=\count120
\FP@xfb=\count121
\FP@rega=\count122
\FP@regb=\count123
\FP@regs=\count124
\FP@times=\count125
) ("C:\Users\theha\AppData\Local\Programs\MiKTeX 2.9\tex/latex/fp\fp-addons.sty
"
Package: fp-addons 1995/03/15
) ("C:\Users\theha\AppData\Local\Programs\MiKTeX 2.9\tex/latex/fp\fp-snap.sty"
Package: fp-snap 1995/04/05
) ("C:\Users\theha\AppData\Local\Programs\MiKTeX 2.9\tex/latex/fp\fp-exp.sty"
Package: fp-exp 1995/04/03
)
("C:\Users\theha\AppData\Local\Programs\MiKTeX 2.9\tex/latex/fp\fp-trigo.sty"
Package: fp-trigo 1995/04/14
)
("C:\Users\theha\AppData\Local\Programs\MiKTeX 2.9\tex/latex/fp\fp-pas.sty"
Package: fp-pas 1994/08/29
)
("C:\Users\theha\AppData\Local\Programs\MiKTeX 2.9\tex/latex/fp\fp-random.sty"
Package: fp-random 1995/02/23
\FPseed=\count126
) ("C:\Users\theha\AppData\Local\Programs\MiKTeX 2.9\tex/latex/fp\fp-eqn.sty"
Package: fp-eqn 1995/04/03
)
("C:\Users\theha\AppData\Local\Programs\MiKTeX 2.9\tex/latex/fp\fp-upn.sty"
Package: fp-upn 1996/10/21
)
("C:\Users\theha\AppData\Local\Programs\MiKTeX 2.9\tex/latex/fp\fp-eval.sty"
Package: fp-eval 1995/04/03
)))
\@dtl@toks=\toks28
\@dtl@tmpcount=\count127
\dtl@tmplength=\skip53
\dtl@sortresult=\count128
\@dtl@numgrpsepcount=\count129
\@dtl@datatype=\count130
\dtl@codeA=\count131
\dtl@codeB=\count132
\@dtl@foreach@level=\count133
)
("C:\Users\theha\AppData\Local\Programs\MiKTeX 2.9\tex/latex/glossaries/base\gl
ossaries-compatible-307.sty"
Package: glossaries-compatible-307 2020/02/13 v4.45 (NLCT)
)
\gls@level=\count134
\@gls@tmpb=\toks29
\gls@tmplen=\skip54
\glskeylisttok=\toks30
\glslabeltok=\toks31
\glsshorttok=\toks32
\glslongtok=\toks33

("C:\Users\theha\AppData\Local\Programs\MiKTeX 2.9\tex/latex/glossaries/styles\
glossary-hypernav.sty"
Package: glossary-hypernav 2020/02/13 v4.45 (NLCT)
)
("C:\Users\theha\AppData\Local\Programs\MiKTeX 2.9\tex/latex/glossaries/styles\
glossary-list.sty"
Package: glossary-list 2020/02/13 v4.45 (NLCT)
\glslistdottedwidth=\skip55
)
("C:\Users\theha\AppData\Local\Programs\MiKTeX 2.9\tex/latex/glossaries/styles\
glossary-long.sty"
Package: glossary-long 2020/02/13 v4.45 (NLCT)

("C:\Users\theha\AppData\Local\Programs\MiKTeX 2.9\tex/latex/tools\longtable.st
y"
Package: longtable 2014/10/28 v4.11 Multi-page Table package (DPC)+ FMi change
\LTleft=\skip56
\LTright=\skip57
\LTpre=\skip58
\LTpost=\skip59
\LTchunksize=\count135
\LTcapwidth=\dimen137
\LT@head=\box31
\LT@firsthead=\box32
\LT@foot=\box33
\LT@lastfoot=\box34
\LT@cols=\count136
\LT@rows=\count137
\c@LT@tables=\count138
\c@LT@chunks=\count139
\LT@p@ftn=\toks34
)
\glsdescwidth=\skip60
\glspagelistwidth=\skip61
)
("C:\Users\theha\AppData\Local\Programs\MiKTeX 2.9\tex/latex/glossaries/styles\
glossary-super.sty"
Package: glossary-super 2020/02/13 v4.45 (NLCT)

("C:\Users\theha\AppData\Local\Programs\MiKTeX 2.9\tex/latex/supertabular\super
tabular.sty"
Package: supertabular 2020/02/02 v4.1g the supertabular environment
\c@tracingst=\count140
\ST@wd=\dimen138
\ST@rightskip=\skip62
\ST@leftskip=\skip63
\ST@parfillskip=\skip64
\ST@pageleft=\dimen139
\ST@headht=\dimen140
\ST@tailht=\dimen141
\ST@pagesofar=\dimen142
\ST@pboxht=\dimen143
\ST@lineht=\dimen144
\ST@prevht=\dimen145
\ST@toadd=\dimen146
\ST@dimen=\dimen147
\ST@pbox=\box35
))
("C:\Users\theha\AppData\Local\Programs\MiKTeX 2.9\tex/latex/glossaries/styles\
glossary-tree.sty"
Package: glossary-tree 2020/02/13 v4.45 (NLCT)
\glstreeindent=\skip65
))
("C:\Users\theha\AppData\Local\Programs\MiKTeX 2.9\tex/latex/wrapfig\wrapfig.st
y"
\wrapoverhang=\dimen148
\WF@size=\dimen149
\c@WF@wrappedlines=\count141
\WF@box=\box36
\WF@everypar=\toks35
Package: wrapfig 2003/01/31  v 3.6
) ("C:\Users\theha\AppData\Local\Programs\MiKTeX 2.9\tex/latex/float\float.sty"
Package: float 2001/11/08 v1.3d Float enhancements (AL)
\c@float@type=\count142
\float@exts=\toks36
\float@box=\box37
\@float@everytoks=\toks37
\@floatcapt=\box38
)
("C:\Users\theha\AppData\Local\Programs\MiKTeX 2.9\tex/latex/listings\listings.
sty"
\lst@mode=\count143
\lst@gtempboxa=\box39
\lst@token=\toks38
\lst@length=\count144
\lst@currlwidth=\dimen150
\lst@column=\count145
\lst@pos=\count146
\lst@lostspace=\dimen151
\lst@width=\dimen152
\lst@newlines=\count147
\lst@lineno=\count148
\lst@maxwidth=\dimen153

("C:\Users\theha\AppData\Local\Programs\MiKTeX 2.9\tex/latex/listings\lstmisc.s
ty"
File: lstmisc.sty 2019/09/10 1.8c (Carsten Heinz)
\c@lstnumber=\count149
\lst@skipnumbers=\count150
\lst@framebox=\box40
)
("C:\Users\theha\AppData\Local\Programs\MiKTeX 2.9\tex/latex/listings\listings.
cfg"
File: listings.cfg 2019/09/10 1.8c listings configuration
))
Package: listings 2019/09/10 1.8c (Carsten Heinz)

("C:\Users\theha\AppData\Local\Programs\MiKTeX 2.9\tex/latex/makecell\makecell.
sty"
Package: makecell 2009/08/03 V0.1e Managing of Tab Column Heads and Cells
\rotheadsize=\dimen154
\c@nlinenum=\count151
\TeXr@lab=\toks39
)
("C:\Users\theha\AppData\Local\Programs\MiKTeX 2.9\tex/latex/appendix\appendix.
sty"
Package: appendix 2020/02/08 v1.2c extra appendix facilities
\c@@pps=\count152
\c@@ppsavesec=\count153
\c@@ppsaveapp=\count154
)
("C:\Users\theha\AppData\Local\Programs\MiKTeX 2.9\tex/latex/algorithm2e\algori
thm2e.sty"
Package: algorithm2e 2017/07/18 v5.2 algorithms environments
\c@AlgoLine=\count155
\algocf@hangindent=\skip66

("C:\Users\theha\AppData\Local\Programs\MiKTeX 2.9\tex/latex/ifoddpage\ifoddpag
e.sty"
Package: ifoddpage 2016/04/23 v1.1 Conditionals for odd/even page detection
\c@checkoddpage=\count156
)
("C:\Users\theha\AppData\Local\Programs\MiKTeX 2.9\tex/latex/tools\xspace.sty"
Package: xspace 2014/10/28 v1.13 Space after command names (DPC,MH)
)
("C:\Users\theha\AppData\Local\Programs\MiKTeX 2.9\tex/latex/relsize\relsize.st
y"
Package: relsize 2013/03/29 ver 4.1
)
\skiptotal=\skip67
\skiplinenumber=\skip68
\skiprule=\skip69
\skiphlne=\skip70
\skiptext=\skip71
\skiplength=\skip72
\algomargin=\skip73
\skipalgocfslide=\skip74
\algowidth=\dimen155
\inoutsize=\dimen156
\inoutindent=\dimen157
\interspacetitleruled=\dimen158
\interspacealgoruled=\dimen159
\interspacetitleboxruled=\dimen160
\algocf@ruledwidth=\skip75
\algocf@inoutbox=\box41
\algocf@inputbox=\box42
\AlCapSkip=\skip76
\AlCapHSkip=\skip77
\algoskipindent=\skip78
\algocf@nlbox=\box43
\algocf@hangingbox=\box44
\algocf@untilbox=\box45
\algocf@skipuntil=\skip79
\algocf@capbox=\box46
\algocf@lcaptionbox=\skip80
\algoheightruledefault=\skip81
\algoheightrule=\skip82
\algotitleheightruledefault=\skip83
\algotitleheightrule=\skip84
\c@algocfline=\count157
\c@algocfproc=\count158
\c@algocf=\count159
\algocf@algoframe=\box47
\algocf@algobox=\box48
)
("C:\Users\theha\AppData\Local\Programs\MiKTeX 2.9\tex/latex/titlesec\titlesec.
sty"
Package: titlesec 2019/10/16 v2.13 Sectioning titles
\ttl@box=\box49
\beforetitleunit=\skip85
\aftertitleunit=\skip86
\ttl@plus=\dimen161
\ttl@minus=\dimen162
\ttl@toksa=\toks40
\titlewidth=\dimen163
\titlewidthlast=\dimen164
\titlewidthfirst=\dimen165
)
("C:\Users\theha\AppData\Local\Programs\MiKTeX 2.9\tex/latex/hyperref\hyperref.
sty"
Package: hyperref 2018/11/30 v6.88e Hypertext links for LaTeX

("C:\Users\theha\AppData\Local\Programs\MiKTeX 2.9\tex/generic/oberdiek\hobsub-
hyperref.sty"
Package: hobsub-hyperref 2016/05/16 v1.14 Bundle oberdiek, subset hyperref (HO)


("C:\Users\theha\AppData\Local\Programs\MiKTeX 2.9\tex/generic/oberdiek\hobsub-
generic.sty"
Package: hobsub-generic 2016/05/16 v1.14 Bundle oberdiek, subset generic (HO)
Package: hobsub 2016/05/16 v1.14 Construct package bundles (HO)
Package hobsub Info: Skipping package `infwarerr' (already loaded).
Package hobsub Info: Skipping package `ltxcmds' (already loaded).
Package hobsub Info: Skipping package `ifluatex' (already loaded).
Package hobsub Info: Skipping package `ifvtex' (already loaded).
Package: intcalc 2016/05/16 v1.2 Expandable calculations with integers (HO)
Package hobsub Info: Skipping package `ifpdf' (already loaded).
Package hobsub Info: Skipping package `etexcmds' (already loaded).
Package hobsub Info: Skipping package `kvsetkeys' (already loaded).
Package: kvdefinekeys 2016/05/16 v1.4 Define keys (HO)
Package: pdftexcmds 2018/09/10 v0.29 Utility functions of pdfTeX for LuaTeX (HO
)
Package pdftexcmds Info: LuaTeX not detected.
Package pdftexcmds Info: \pdf@primitive is available.
Package pdftexcmds Info: \pdf@ifprimitive is available.
Package pdftexcmds Info: \pdfdraftmode found.
Package: pdfescape 2016/05/16 v1.14 Implements pdfTeX's escape features (HO)
Package: bigintcalc 2016/05/16 v1.4 Expandable calculations on big integers (HO
)
Package: bitset 2016/05/16 v1.2 Handle bit-vector datatype (HO)
Package: uniquecounter 2016/05/16 v1.3 Provide unlimited unique counter (HO)
)
Package hobsub Info: Skipping package `hobsub' (already loaded).
Package: letltxmacro 2016/05/16 v1.5 Let assignment for LaTeX macros (HO)
Package: hopatch 2016/05/16 v1.3 Wrapper for package hooks (HO)
Package: xcolor-patch 2016/05/16 xcolor patch
Package: atveryend 2016/05/16 v1.9 Hooks at the very end of document (HO)
Package: atbegshi 2016/06/09 v1.18 At begin shipout hook (HO)
Package: refcount 2016/05/16 v3.5 Data extraction from label references (HO)
Package: hycolor 2016/05/16 v1.8 Color options for hyperref/bookmark (HO)
)
("C:\Users\theha\AppData\Local\Programs\MiKTeX 2.9\tex/latex/oberdiek\auxhook.s
ty"
Package: auxhook 2016/05/16 v1.4 Hooks for auxiliary files (HO)
)
\@linkdim=\dimen166
\Hy@linkcounter=\count160
\Hy@pagecounter=\count161

("C:\Users\theha\AppData\Local\Programs\MiKTeX 2.9\tex/latex/hyperref\pd1enc.de
f"
File: pd1enc.def 2018/11/30 v6.88e Hyperref: PDFDocEncoding definition (HO)
Now handling font encoding PD1 ...
... no UTF-8 mapping file for font encoding PD1
)
\Hy@SavedSpaceFactor=\count162

("C:\Users\theha\AppData\Local\Programs\MiKTeX 2.9\tex/latex/00miktex\hyperref.
cfg"
File: hyperref.cfg 2002/06/06 v1.2 hyperref configuration of TeXLive
)
Package hyperref Info: Option `breaklinks' set `true' on input line 4393.
Package hyperref Info: Option `pdfusetitle' set `true' on input line 4393.
Package hyperref Info: Hyper figures OFF on input line 4519.
Package hyperref Info: Link nesting OFF on input line 4524.
Package hyperref Info: Hyper index ON on input line 4527.
Package hyperref Info: Plain pages OFF on input line 4534.
Package hyperref Info: Backreferencing OFF on input line 4539.
Package hyperref Info: Implicit mode ON; LaTeX internals redefined.
Package hyperref Info: Bookmarks ON on input line 4772.
\c@Hy@tempcnt=\count163
LaTeX Info: Redefining \url on input line 5125.
\XeTeXLinkMargin=\dimen167
\Fld@menulength=\count164
\Field@Width=\dimen168
\Fld@charsize=\dimen169
Package hyperref Info: Hyper figures OFF on input line 6380.
Package hyperref Info: Link nesting OFF on input line 6385.
Package hyperref Info: Hyper index ON on input line 6388.
Package hyperref Info: backreferencing OFF on input line 6395.
Package hyperref Info: Link coloring OFF on input line 6400.
Package hyperref Info: Link coloring with OCG OFF on input line 6405.
Package hyperref Info: PDF/A mode OFF on input line 6410.
LaTeX Info: Redefining \ref on input line 6450.
LaTeX Info: Redefining \pageref on input line 6454.
\Hy@abspage=\count165
\c@Item=\count166
\c@Hfootnote=\count167
)
Package hyperref Info: Driver (autodetected): hpdftex.

("C:\Users\theha\AppData\Local\Programs\MiKTeX 2.9\tex/latex/hyperref\hpdftex.d
ef"
File: hpdftex.def 2018/11/30 v6.88e Hyperref driver for pdfTeX
\Fld@listcount=\count168
\c@bookmark@seq@number=\count169

("C:\Users\theha\AppData\Local\Programs\MiKTeX 2.9\tex/latex/oberdiek\rerunfile
check.sty"
Package: rerunfilecheck 2016/05/16 v1.8 Rerun checks for auxiliary files (HO)
Package uniquecounter Info: New unique counter `rerunfilecheck' on input line 2
82.
)
\Hy@SectionHShift=\skip87
)
("C:\Users\theha\AppData\Local\Programs\MiKTeX 2.9\tex/latex/cleveref\cleveref.
sty"
Package: cleveref 2018/03/27 v0.21.4 Intelligent cross-referencing
Package cleveref Info: `hyperref' support loaded on input line 2370.
LaTeX Info: Redefining \cref on input line 2370.
LaTeX Info: Redefining \Cref on input line 2370.
LaTeX Info: Redefining \crefrange on input line 2370.
LaTeX Info: Redefining \Crefrange on input line 2370.
LaTeX Info: Redefining \cpageref on input line 2370.
LaTeX Info: Redefining \Cpageref on input line 2370.
LaTeX Info: Redefining \cpagerefrange on input line 2370.
LaTeX Info: Redefining \Cpagerefrange on input line 2370.
LaTeX Info: Redefining \labelcref on input line 2370.
LaTeX Info: Redefining \labelcpageref on input line 2370.
Package cleveref Info: `listings' support loaded on input line 3131.
Package cleveref Info: `algorithm2e' support loaded on input line 3147.
Package cleveref Info: `subfig' support loaded on input line 3164.
) ("C:\Users\theha\AppData\Local\Programs\MiKTeX 2.9\tex/latex/tools\bm.sty"
Package: bm 2017/01/16 v1.2c Bold Symbol Support (DPC/FMi)
\symboldoperators=\mathgroup6
\symboldletters=\mathgroup7
\symboldsymbols=\mathgroup8
LaTeX Font Info:    Redeclaring math alphabet \mathbf on input line 141.
LaTeX Info: Redefining \bm on input line 207.
)
("C:\Users\theha\AppData\Local\Programs\MiKTeX 2.9\tex/latex/algorithms\algorit
hmic.sty"
Package: algorithmic 2009/08/24 v0.1 Document Style `algorithmic'
\c@ALC@unique=\count170
\c@ALC@line=\count171
\c@ALC@rem=\count172
\c@ALC@depth=\count173
\ALC@tlm=\skip88
\algorithmicindent=\skip89
)
("C:\Users\theha\AppData\Local\Programs\MiKTeX 2.9\tex/latex/tools\enumerate.st
y"
Package: enumerate 2015/07/23 v3.00 enumerate extensions (DPC)
\@enLab=\toks41
)
("C:\Users\theha\AppData\Local\Programs\MiKTeX 2.9\tex/latex/nowidow\nowidow.st
y"
Package: nowidow 2011/09/20 1.0 Easily prevent widows and orphans
Package: nowidow 
)
("C:\Users\theha\AppData\Local\Programs\MiKTeX 2.9\tex/latex/setspace\setspace.
sty"
Package: setspace 2011/12/19 v6.7a set line spacing
)
\myfootnotesep=\skip90
\@indexfile=\write3
\openout3 = `main.idx'.


Writing index file main.idx
\glswrite=\write4
\glo@main@file=\write5
\openout5 = `main.glo'.

Package glossaries Info: Writing glossary file main.glo on input line 44.
\tindent=\skip91
Package hyperref Info: Option `bookmarksnumbered' set `true' on input line 105.

Package hyperref Info: Option `bookmarksopen' set `false' on input line 105.
Package hyperref Info: Option `colorlinks' set `false' on input line 105.
\c@qcounter=\count174
(main.aux (appendices/Software_Used.aux) (appendices/Light_Curve_Data.aux))
\openout1 = `main.aux'.

LaTeX Font Info:    Checking defaults for OML/cmm/m/it on input line 111.
LaTeX Font Info:    ... okay on input line 111.
LaTeX Font Info:    Checking defaults for T1/cmr/m/n on input line 111.
LaTeX Font Info:    ... okay on input line 111.
LaTeX Font Info:    Checking defaults for OT1/cmr/m/n on input line 111.
LaTeX Font Info:    ... okay on input line 111.
LaTeX Font Info:    Checking defaults for OMS/cmsy/m/n on input line 111.
LaTeX Font Info:    ... okay on input line 111.
LaTeX Font Info:    Checking defaults for OMX/cmex/m/n on input line 111.
LaTeX Font Info:    ... okay on input line 111.
LaTeX Font Info:    Checking defaults for U/cmr/m/n on input line 111.
LaTeX Font Info:    ... okay on input line 111.
LaTeX Font Info:    Checking defaults for PD1/pdf/m/n on input line 111.
LaTeX Font Info:    ... okay on input line 111.
Package caption Info: Begin \AtBeginDocument code.
Package caption Info: subfig package v1.3 is loaded.
Package caption Info: End \AtBeginDocument code.

("C:\Users\theha\AppData\Local\Programs\MiKTeX 2.9\tex/context/base/mkii\supp-p
df.mkii"
[Loading MPS to PDF converter (version 2006.09.02).]
\scratchcounter=\count175
\scratchdimen=\dimen170
\scratchbox=\box50
\nofMPsegments=\count176
\nofMParguments=\count177
\everyMPshowfont=\toks42
\MPscratchCnt=\count178
\MPscratchDim=\dimen171
\MPnumerator=\count179
\makeMPintoPDFobject=\count180
\everyMPtoPDFconversion=\toks43
)
("C:\Users\theha\AppData\Local\Programs\MiKTeX 2.9\tex/latex/oberdiek\epstopdf-
base.sty"
Package: epstopdf-base 2016/05/15 v2.6 Base part for package epstopdf

("C:\Users\theha\AppData\Local\Programs\MiKTeX 2.9\tex/latex/oberdiek\grfext.st
y"
Package: grfext 2016/05/16 v1.2 Manage graphics extensions (HO)
)
Package epstopdf-base Info: Redefining graphics rule for `.eps' on input line 4
38.
Package grfext Info: Graphics extension search list:
(grfext)             [.pdf,.png,.jpg,.mps,.jpeg,.jbig2,.jb2,.PDF,.PNG,.JPG,.JPE
G,.JBIG2,.JB2,.eps]
(grfext)             \AppendGraphicsExtensions on input line 456.
)
*geometry* driver: auto-detecting
*geometry* detected driver: pdftex
*geometry* verbose mode - [ preamble ] result:
* driver: pdftex
* paper: letterpaper
* layout: <same size as paper>
* layoutoffset:(h,v)=(0.0pt,0.0pt)
* modes: 
* h-part:(L,W,R)=(108.405pt, 433.62001pt, 72.26999pt)
* v-part:(T,H,B)=(72.26999pt, 650.43001pt, 72.26999pt)
* \paperwidth=614.295pt
* \paperheight=794.96999pt
* \textwidth=433.62001pt
* \textheight=650.43001pt
* \oddsidemargin=36.13501pt
* \evensidemargin=36.13501pt
* \topmargin=0.0pt
* \headheight=0.0pt
* \headsep=0.0pt
* \topskip=12.0pt
* \footskip=30.0pt
* \marginparwidth=0.0pt
* \marginparsep=10.0pt
* \columnsep=10.0pt
* \skip\footins=10.8pt plus 4.0pt minus 2.0pt
* \hoffset=0.0pt
* \voffset=0.0pt
* \mag=1000
* \@twocolumnfalse
* \@twosidefalse
* \@mparswitchfalse
* \@reversemarginfalse
* (1in=72.27pt=25.4mm, 1cm=28.453pt)

\c@lstlisting=\count181
\AtBeginShipoutBox=\box51
Package hyperref Info: Link coloring OFF on input line 111.

("C:\Users\theha\AppData\Local\Programs\MiKTeX 2.9\tex/latex/hyperref\nameref.s
ty"
Package: nameref 2016/05/21 v2.44 Cross-referencing by name of section

("C:\Users\theha\AppData\Local\Programs\MiKTeX 2.9\tex/generic/oberdiek\gettitl
estring.sty"
Package: gettitlestring 2016/05/16 v1.5 Cleanup title references (HO)
)
\c@section@level=\count182
)
LaTeX Info: Redefining \ref on input line 111.
LaTeX Info: Redefining \pageref on input line 111.
LaTeX Info: Redefining \nameref on input line 111.
 (main.out) (main.out)
\@outlinefile=\write6
\openout6 = `main.out'.

 (frontmatter.tex) [1

\openout4 = `main.ist'.

{C:/Users/theha/AppData/Local/MiKTeX/2.9/pdftex/config/pdftex.map}]
Overfull \vbox (7.73332pt too high) has occurred while \output is active []


[2]
LaTeX Font Info:    Try loading font information for OMS+cmr on input line 122.

 ("C:\Users\theha\AppData\Local\Programs\MiKTeX 2.9\tex/latex/base\omscmr.fd"
File: omscmr.fd 2014/09/29 v2.5h Standard LaTeX font definitions
)
LaTeX Font Info:    Font shape `OMS/cmr/m/n' in size <12> not available
(Font)              Font shape `OMS/cmsy/m/n' tried instead on input line 122.
 [2]
LaTeX Font Info:    Try loading font information for U+msa on input line 125.

("C:\Users\theha\AppData\Local\Programs\MiKTeX 2.9\tex/latex/amsfonts\umsa.fd"
File: umsa.fd 2013/01/14 v3.01 AMS symbols A
)
LaTeX Font Info:    Try loading font information for U+msb on input line 125.
("C:\Users\theha\AppData\Local\Programs\MiKTeX 2.9\tex/latex/amsfonts\umsb.fd"
File: umsb.fd 2013/01/14 v3.01 AMS symbols B
)
Overfull \hbox (216.0877pt too wide) in paragraph at lines 125--125
[]|[] 
 []


Overfull \hbox (216.0877pt too wide) in paragraph at lines 125--125
[]|[] 
 []


Overfull \hbox (216.0877pt too wide) in paragraph at lines 125--125
[]|[] 
 []


Overfull \hbox (216.0877pt too wide) in paragraph at lines 125--125
[]|[] 
 []

[3] (abstract.tex) [4] (acknowledgements.tex) [5] (main.toc [6

])
\tf@toc=\write7
\openout7 = `main.toc'.

 [7] (main.lot)
\tf@lot=\write8
\openout8 = `main.lot'.

[8

] (main.lof [9

]
Overfull \hbox (4.64177pt too wide) in paragraph at lines 29--29
 [][] [][]\OT1/cmr/m/n/12 AJISAI with En-gi-neer [Left]. Cor-ner Cube Re-flec-t
or Lo-ca-tions [Right] 
 []

)
\tf@lof=\write9
\openout9 = `main.lof'.

 [10] (chapter-outline.tex (chapters/Introduction.tex
\uppercase {Chapter} 1.
pdfTeX warning (ext4): destination with the same identifier (name{page.1}) has 
been already used, duplicate ignored
<to be read again> 
                   \relax 
l.11 I
      n this thesis, attempts to bring the theoretical prospects of lightcur...
[1

]) (chapters/background_kf.texpdfTeX warning (ext4): destination with the same 
identifier (name{page.2}) has been already used, duplicate ignored
<to be read again> 
                   \relax 
l.1 \chapter
            {Background} [2]
\uppercase {Chapter} 2.
[3

] [4] [5] [6] [7] [8]) (chapters/ukf_formulation.tex [9]
\uppercase {Chapter} 3.

LaTeX Font Warning: Command \boldmath invalid in math mode on input line 14.


LaTeX Font Warning: Command \mathversion invalid in math mode on input line 14.


[10

] [11] [12]) (chapters/measurement_model.tex [13] [14]
\uppercase {Chapter} 4.
[15

]
<figures/facet.png, id=478, 372.79276pt x 245.718pt>
File: figures/facet.png Graphic file (type png)
<use figures/facet.png>
Package pdftex.def Info: figures/facet.png  used on input line 37.
(pdftex.def)             Requested size: 216.81pt x 142.90646pt.


LaTeX Warning: `!h' float specifier changed to `!ht'.

[16]
Overfull \hbox (5.12154pt too wide) in paragraph at lines 54--56
\OT1/cmr/m/n/12 Where $\OML/cmm/m/it/12 C[]$ \OT1/cmr/m/n/12 is the power flux 
out-put from the sun in the vis-i-ble spec-trum [455W/m$[]$],
 []

[17 <./figures/facet.png>]
Overfull \hbox (17.62482pt too wide) detected at line 85
[][] 
 []

<figures/occlusion_check.png, id=496, 249.3315pt x 225.84375pt>
File: figures/occlusion_check.png Graphic file (type png)
<use figures/occlusion_check.png>
Package pdftex.def Info: figures/occlusion_check.png  used on input line 88.
(pdftex.def)             Requested size: 216.81pt x 196.38597pt.
[18] [19 <./figures/occlusion_check.png>]
Overfull \hbox (17.62482pt too wide) detected at line 152
[][] 
 []

[20]
<figures/visible_and_illuminated.png, id=535, 290.2845pt x 235.47975pt>
File: figures/visible_and_illuminated.png Graphic file (type png)
<use figures/visible_and_illuminated.png>
Package pdftex.def Info: figures/visible_and_illuminated.png  used on input lin
e 161.
(pdftex.def)             Requested size: 216.81pt x 175.87637pt.
) (chapters/Results.tex

LaTeX Warning: `!h' float specifier changed to `!ht'.

[21] [22 <./figures/visible_and_illuminated.png>]
\uppercase {Chapter} 5.
<Figures/Long_Rectangle_Image_Axes.png, id=574, 72.27pt x 72.27pt>
File: Figures/Long_Rectangle_Image_Axes.png Graphic file (type png)
<use Figures/Long_Rectangle_Image_Axes.png>
Package pdftex.def Info: Figures/Long_Rectangle_Image_Axes.png  used on input l
ine 14.
(pdftex.def)             Requested size: 142.26378pt x 142.27126pt.
<Figures/Cylinder_Axes.png, id=575, 84.315pt x 84.315pt>
File: Figures/Cylinder_Axes.png Graphic file (type png)
<use Figures/Cylinder_Axes.png>
Package pdftex.def Info: Figures/Cylinder_Axes.png  used on input line 15.
(pdftex.def)             Requested size: 142.26378pt x 142.26701pt.
<Figures/Box_Wing_Axes.png, id=576, 72.27pt x 72.27pt>
File: Figures/Box_Wing_Axes.png Graphic file (type png)
<use Figures/Box_Wing_Axes.png>
Package pdftex.def Info: Figures/Box_Wing_Axes.png  used on input line 17.
(pdftex.def)             Requested size: 142.26378pt x 142.27126pt.
<Figures/leo_orbit.png, id=577, 462.528pt x 344.0052pt>
File: Figures/leo_orbit.png Graphic file (type png)
<use Figures/leo_orbit.png>
Package pdftex.def Info: Figures/leo_orbit.png  used on input line 28.
(pdftex.def)             Requested size: 142.26378pt x 105.81114pt.
<Figures/meo_orbit.png, id=578, 462.528pt x 344.0052pt>
File: Figures/meo_orbit.png Graphic file (type png)
<use Figures/meo_orbit.png>
Package pdftex.def Info: Figures/meo_orbit.png  used on input line 29.
(pdftex.def)             Requested size: 142.26378pt x 105.81114pt.
<Figures/geo_orbit.png, id=579, 462.528pt x 344.0052pt>
File: Figures/geo_orbit.png Graphic file (type png)
<use Figures/geo_orbit.png>
Package pdftex.def Info: Figures/geo_orbit.png  used on input line 31.
(pdftex.def)             Requested size: 142.26378pt x 105.81114pt.
[23

] [24 <./Figures/Long_Rectangle_Image_Axes.png> <./Figures/Cylinder_Axes.png> <
./Figures/Box_Wing_Axes.png>] [25 <./Figures/leo_orbit.png> <./Figures/meo_orbi
t.png> <./Figures/geo_orbit.png>] [26] [27]
<figures/ECI_percent_errors.png, id=614, 414.46844pt x 314.01315pt>
File: figures/ECI_percent_errors.png Graphic file (type png)
<use figures/ECI_percent_errors.png>
Package pdftex.def Info: figures/ECI_percent_errors.png  used on input line 77.

(pdftex.def)             Requested size: 241.84842pt x 183.23457pt.
 [28 <./figures/ECI_percent_errors.png>]
<figures/Observation_Frame.png, id=624, 225.2415pt x 236.68425pt>
File: figures/Observation_Frame.png Graphic file (type png)
<use figures/Observation_Frame.png>
Package pdftex.def Info: figures/Observation_Frame.png  used on input line 96.
(pdftex.def)             Requested size: 184.9429pt x 194.34236pt.
 [29] [30 <./figures/Observation_Frame.png>] [31]
<Figures/Body_Errorbars.png, id=639, 430.36784pt x 314.01315pt>
File: Figures/Body_Errorbars.png Graphic file (type png)
<use Figures/Body_Errorbars.png>
Package pdftex.def Info: Figures/Body_Errorbars.png  used on input line 140.
(pdftex.def)             Requested size: 241.84842pt x 176.46425pt.
<figures/Rectangle_Leo/BODY.png, id=640, 411.939pt x 328.1058pt>
File: figures/Rectangle_Leo/BODY.png Graphic file (type png)
<use figures/Rectangle_Leo/BODY.png>
Package pdftex.def Info: figures/Rectangle_Leo/BODY.png  used on input line 147
.
(pdftex.def)             Requested size: 184.9429pt x 147.3008pt.
<figures/Rectangle_Leo/CURVE.png, id=641, 435.5472pt x 326.9013pt>
File: figures/Rectangle_Leo/CURVE.png Graphic file (type png)
<use figures/Rectangle_Leo/CURVE.png>
Package pdftex.def Info: figures/Rectangle_Leo/CURVE.png  used on input line 14
8.
(pdftex.def)             Requested size: 184.9429pt x 138.81398pt.
<figures/Rectangle_Leo/OBS.png, id=642, 419.52734pt x 328.1058pt>
File: figures/Rectangle_Leo/OBS.png Graphic file (type png)
<use figures/Rectangle_Leo/OBS.png>
Package pdftex.def Info: figures/Rectangle_Leo/OBS.png  used on input line 150.

(pdftex.def)             Requested size: 184.9429pt x 144.64235pt.
<figures/Rectangle_Leo/MRP.png, id=643, 409.0482pt x 326.9013pt>
File: figures/Rectangle_Leo/MRP.png Graphic file (type png)
<use figures/Rectangle_Leo/MRP.png>
Package pdftex.def Info: figures/Rectangle_Leo/MRP.png  used on input line 151.

(pdftex.def)             Requested size: 184.9429pt x 147.79756pt.

Overfull \hbox (15.67424pt too wide) in paragraph at lines 146--154
[][] 
 []

<figures/Cylinder_Leo/BODY.png, id=644, 419.52734pt x 328.1058pt>
File: figures/Cylinder_Leo/BODY.png Graphic file (type png)
<use figures/Cylinder_Leo/BODY.png>
Package pdftex.def Info: figures/Cylinder_Leo/BODY.png  used on input line 160.

(pdftex.def)             Requested size: 184.9429pt x 144.64235pt.
<figures/Cylinder_Leo/CURVE.png, id=645, 426.1521pt x 326.9013pt>
File: figures/Cylinder_Leo/CURVE.png Graphic file (type png)
<use figures/Cylinder_Leo/CURVE.png>
Package pdftex.def Info: figures/Cylinder_Leo/CURVE.png  used on input line 161
.
(pdftex.def)             Requested size: 184.9429pt x 141.87169pt.
<figures/Cylinder_Leo/OBS.png, id=646, 426.03165pt x 328.1058pt>
File: figures/Cylinder_Leo/OBS.png Graphic file (type png)
<use figures/Cylinder_Leo/OBS.png>
Package pdftex.def Info: figures/Cylinder_Leo/OBS.png  used on input line 163.
(pdftex.def)             Requested size: 184.9429pt x 142.4345pt.
<figures/Cylinder_Leo/MRP.png, id=647, 410.2527pt x 326.9013pt>
File: figures/Cylinder_Leo/MRP.png Graphic file (type png)
<use figures/Cylinder_Leo/MRP.png>
Package pdftex.def Info: figures/Cylinder_Leo/MRP.png  used on input line 164.
(pdftex.def)             Requested size: 184.9429pt x 147.3636pt.

Overfull \hbox (15.67424pt too wide) in paragraph at lines 159--167
[][] 
 []

<figures/BW_Geo/BODY.png, id=648, 413.02306pt x 328.1058pt>
File: figures/BW_Geo/BODY.png Graphic file (type png)
<use figures/BW_Geo/BODY.png>
Package pdftex.def Info: figures/BW_Geo/BODY.png  used on input line 172.
(pdftex.def)             Requested size: 184.9429pt x 146.9203pt.
<figures/BW_Geo/CURVE.png, id=649, 423.7431pt x 326.9013pt>
File: figures/BW_Geo/CURVE.png Graphic file (type png)
<use figures/BW_Geo/CURVE.png>
Package pdftex.def Info: figures/BW_Geo/CURVE.png  used on input line 173.
(pdftex.def)             Requested size: 184.9429pt x 142.67477pt.
<figures/BW_Geo/OBS.png, id=650, 420.97275pt x 328.1058pt>
File: figures/BW_Geo/OBS.png Graphic file (type png)
<use figures/BW_Geo/OBS.png>
Package pdftex.def Info: figures/BW_Geo/OBS.png  used on input line 175.
(pdftex.def)             Requested size: 184.9429pt x 144.1417pt.
<figures/BW_Geo/MRP.png, id=651, 410.9754pt x 326.9013pt>
File: figures/BW_Geo/MRP.png Graphic file (type png)
<use figures/BW_Geo/MRP.png>
Package pdftex.def Info: figures/BW_Geo/MRP.png  used on input line 176.
(pdftex.def)             Requested size: 184.9429pt x 147.1092pt.

Overfull \hbox (15.67424pt too wide) in paragraph at lines 171--179
[][] 
 []

[32 <./Figures/Body_Errorbars.png>] [33 <./figures/Rectangle_Leo/BODY.png> <./f
igures/Rectangle_Leo/CURVE.png> <./figures/Rectangle_Leo/OBS.png> <./figures/Re
ctangle_Leo/MRP.png>] [34 <./figures/Cylinder_Leo/BODY.png> <./figures/Cylinder
_Leo/CURVE.png> <./figures/Cylinder_Leo/OBS.png> <./figures/Cylinder_Leo/MRP.pn
g>] [35 <./figures/BW_Geo/BODY.png> <./figures/BW_Geo/CURVE.png> <./figures/BW_
Geo/OBS.png> <./figures/BW_Geo/MRP.png>]
Overfull \hbox (27.54338pt too wide) in paragraph at lines 188--201
 [] 
 []

[36]
Overfull \hbox (27.54338pt too wide) in paragraph at lines 213--229
 [] 
 []

<Figures/OBS_Errorbars.png, id=687, 423.86356pt x 314.01315pt>
File: Figures/OBS_Errorbars.png Graphic file (type png)
<use Figures/OBS_Errorbars.png>
Package pdftex.def Info: Figures/OBS_Errorbars.png  used on input line 235.
(pdftex.def)             Requested size: 241.84842pt x 179.16663pt.
[37 <./Figures/OBS_Errorbars.png>]
<figures/Cylinder_Meo_Tumbling/BODY.png, id=695, 409.7709pt x 328.1058pt>
File: figures/Cylinder_Meo_Tumbling/BODY.png Graphic file (type png)
<use figures/Cylinder_Meo_Tumbling/BODY.png>
Package pdftex.def Info: figures/Cylinder_Meo_Tumbling/BODY.png  used on input 
line 263.
(pdftex.def)             Requested size: 184.9429pt x 148.0818pt.
<figures/Cylinder_Meo_Tumbling/CURVE.png, id=696, 428.3202pt x 326.9013pt>
File: figures/Cylinder_Meo_Tumbling/CURVE.png Graphic file (type png)
<use figures/Cylinder_Meo_Tumbling/CURVE.png>
Package pdftex.def Info: figures/Cylinder_Meo_Tumbling/CURVE.png  used on input
 line 264.
(pdftex.def)             Requested size: 184.9429pt x 141.15341pt.
<figures/Cylinder_Meo_Tumbling/INERTIA.png, id=697, 387.3672pt x 314.01315pt>
File: figures/Cylinder_Meo_Tumbling/INERTIA.png Graphic file (type png)
<use figures/Cylinder_Meo_Tumbling/INERTIA.png>
Package pdftex.def Info: figures/Cylinder_Meo_Tumbling/INERTIA.png  used on inp
ut line 266.
(pdftex.def)             Requested size: 184.9429pt x 149.91963pt.
<figures/Rect_Meo_Tumbling/BODY.png, id=698, 409.7709pt x 328.1058pt>
File: figures/Rect_Meo_Tumbling/BODY.png Graphic file (type png)
<use figures/Rect_Meo_Tumbling/BODY.png>
Package pdftex.def Info: figures/Rect_Meo_Tumbling/BODY.png  used on input line
 274.
(pdftex.def)             Requested size: 184.9429pt x 148.0818pt.
<figures/Rect_Meo_Tumbling/CURVE.png, id=699, 421.8159pt x 326.9013pt>
File: figures/Rect_Meo_Tumbling/CURVE.png Graphic file (type png)
<use figures/Rect_Meo_Tumbling/CURVE.png>
Package pdftex.def Info: figures/Rect_Meo_Tumbling/CURVE.png  used on input lin
e 275.
(pdftex.def)             Requested size: 184.9429pt x 143.32822pt.
<figures/Rect_Meo_Tumbling/INERTIA.png, id=700, 387.3672pt x 314.01315pt>
File: figures/Rect_Meo_Tumbling/INERTIA.png Graphic file (type png)
<use figures/Rect_Meo_Tumbling/INERTIA.png>
Package pdftex.def Info: figures/Rect_Meo_Tumbling/INERTIA.png  used on input l
ine 277.
(pdftex.def)             Requested size: 184.9429pt x 149.91963pt.
<figures/BW_Geo_Tumbling/BODY.png, id=701, 409.7709pt x 328.1058pt>
File: figures/BW_Geo_Tumbling/BODY.png Graphic file (type png)
<use figures/BW_Geo_Tumbling/BODY.png>
Package pdftex.def Info: figures/BW_Geo_Tumbling/BODY.png  used on input line 2
86.
(pdftex.def)             Requested size: 184.9429pt x 148.0818pt.
<figures/BW_Geo_Tumbling/CURVE.png, id=702, 415.5525pt x 326.9013pt>
File: figures/BW_Geo_Tumbling/CURVE.png Graphic file (type png)
<use figures/BW_Geo_Tumbling/CURVE.png>
Package pdftex.def Info: figures/BW_Geo_Tumbling/CURVE.png  used on input line 
287.
(pdftex.def)             Requested size: 184.9429pt x 145.48807pt.
<figures/BW_Geo_Tumbling/INERTIA.png, id=703, 397.12366pt x 314.01315pt>
File: figures/BW_Geo_Tumbling/INERTIA.png Graphic file (type png)
<use figures/BW_Geo_Tumbling/INERTIA.png>
Package pdftex.def Info: figures/BW_Geo_Tumbling/INERTIA.png  used on input lin
e 289.
(pdftex.def)             Requested size: 184.9429pt x 146.23979pt.
 [38 <./figures/Cylinder_Meo_Tumbling/BODY.png> <./figures/Cylinder_Meo_Tumblin
g/CURVE.png> <./figures/Cylinder_Meo_Tumbling/INERTIA.png>] [39 <./figures/Rect
_Meo_Tumbling/BODY.png> <./figures/Rect_Meo_Tumbling/CURVE.png> <./figures/Rect
_Meo_Tumbling/INERTIA.png>] [40 <./figures/BW_Geo_Tumbling/BODY.png> <./figures
/BW_Geo_Tumbling/CURVE.png> <./figures/BW_Geo_Tumbling/INERTIA.png>]
<figures/flips/R_OBS.png, id=726, 419.52734pt x 328.1058pt>
File: figures/flips/R_OBS.png Graphic file (type png)
<use figures/flips/R_OBS.png>
Package pdftex.def Info: figures/flips/R_OBS.png  used on input line 310.
(pdftex.def)             Requested size: 184.9429pt x 144.64235pt.
<figures/flips/R_CURVE.png, id=727, 429.2838pt x 326.9013pt>
File: figures/flips/R_CURVE.png Graphic file (type png)
<use figures/flips/R_CURVE.png>
Package pdftex.def Info: figures/flips/R_CURVE.png  used on input line 311.
(pdftex.def)             Requested size: 184.9429pt x 140.83417pt.
<figures/flips/R_FRAMES.png, id=728, 1204.5pt x 240.9pt>
File: figures/flips/R_FRAMES.png Graphic file (type png)
<use figures/flips/R_FRAMES.png>
Package pdftex.def Info: figures/flips/R_FRAMES.png  used on input line 319.
(pdftex.def)             Requested size: 398.33858pt x 79.66632pt.
 [41] [42 <./figures/flips/R_OBS.png> <./figures/flips/R_CURVE.png> <./figures/
flips/R_FRAMES.png>] [43]
<figures/sert-2.jpg, id=749, 401.5pt x 231.86626pt>
File: figures/sert-2.jpg Graphic file (type jpg)
<use figures/sert-2.jpg>
Package pdftex.def Info: figures/sert-2.jpg  used on input line 350.
(pdftex.def)             Requested size: 227.62204pt x 131.454pt.
<figures/SERT2_Axes.png, id=750, 467.49657pt x 359.09157pt>
File: figures/SERT2_Axes.png Graphic file (type png)
<use figures/SERT2_Axes.png>
Package pdftex.def Info: figures/SERT2_Axes.png  used on input line 350.
(pdftex.def)             Requested size: 170.71652pt x 131.13034pt.
<figures/Sert_Success/BODY.png, id=751, 411.2163pt x 328.1058pt>
File: figures/Sert_Success/BODY.png Graphic file (type png)
<use figures/Sert_Success/BODY.png>
Package pdftex.def Info: figures/Sert_Success/BODY.png  used on input line 359.

(pdftex.def)             Requested size: 142.26378pt x 113.51202pt.
<figures/Sert_Success/CURVE.png, id=752, 422.7795pt x 328.1058pt>
File: figures/Sert_Success/CURVE.png Graphic file (type png)
<use figures/Sert_Success/CURVE.png>
Package pdftex.def Info: figures/Sert_Success/CURVE.png  used on input line 360
.
(pdftex.def)             Requested size: 142.26378pt x 110.408pt.
<figures/Sert_Success/ECI.png, id=753, 426.03165pt x 328.1058pt>
File: figures/Sert_Success/ECI.png Graphic file (type png)
<use figures/Sert_Success/ECI.png>
Package pdftex.def Info: figures/Sert_Success/ECI.png  used on input line 362.
(pdftex.def)             Requested size: 142.26378pt x 109.56691pt.
<figures/Sert_Success/MRP.png, id=754, 419.52734pt x 328.1058pt>
File: figures/Sert_Success/MRP.png Graphic file (type png)
<use figures/Sert_Success/MRP.png>
Package pdftex.def Info: figures/Sert_Success/MRP.png  used on input line 363.
(pdftex.def)             Requested size: 142.26378pt x 111.26411pt.

Overfull \hbox (17.06934pt too wide) in paragraph at lines 379--391
 [][] 
 []

[44 <./figures/sert-2.jpg> <./figures/SERT2_Axes.png>] [45 <./figures/Sert_Succ
ess/BODY.png> <./figures/Sert_Success/CURVE.png> <./figures/Sert_Success/ECI.pn
g> <./figures/Sert_Success/MRP.png>]
<figures/ajisai.jpg, id=777, 481.8pt x 321.2pt>
File: figures/ajisai.jpg Graphic file (type jpg)
<use figures/ajisai.jpg>
Package pdftex.def Info: figures/ajisai.jpg  used on input line 404.
(pdftex.def)             Requested size: 256.0748pt x 170.7204pt.
<figures/AJISAI_Axes.png, id=778, 72.27pt x 72.27pt>
File: figures/AJISAI_Axes.png Graphic file (type png)
<use figures/AJISAI_Axes.png>
Package pdftex.def Info: figures/AJISAI_Axes.png  used on input line 404.
(pdftex.def)             Requested size: 170.71652pt x 170.7255pt.

Overfull \hbox (17.17134pt too wide) in paragraph at lines 403--407
[][] 
 []

<figures/ajisai_panels.jpg, id=779, 642.4pt x 268.00125pt>
File: figures/ajisai_panels.jpg Graphic file (type jpg)
<use figures/ajisai_panels.jpg>
Package pdftex.def Info: figures/ajisai_panels.jpg  used on input line 416.
(pdftex.def)             Requested size: 426.79134pt x 178.05501pt.
<figures/Ajisai_Fail/BODY.png, id=782, 413.02306pt x 328.1058pt>
File: figures/Ajisai_Fail/BODY.png Graphic file (type png)
<use figures/Ajisai_Fail/BODY.png>
Package pdftex.def Info: figures/Ajisai_Fail/BODY.png  used on input line 422.
(pdftex.def)             Requested size: 142.26378pt x 113.01138pt.
<figures/Ajisai_Fail/CURVE.png, id=783, 432.1746pt x 328.1058pt>
File: figures/Ajisai_Fail/CURVE.png Graphic file (type png)
<use figures/Ajisai_Fail/CURVE.png>
Package pdftex.def Info: figures/Ajisai_Fail/CURVE.png  used on input line 423.

(pdftex.def)             Requested size: 142.26378pt x 108.0049pt.
<figures/Ajisai_Fail/ECI.png, id=784, 413.02306pt x 328.1058pt>
File: figures/Ajisai_Fail/ECI.png Graphic file (type png)
<use figures/Ajisai_Fail/ECI.png>
Package pdftex.def Info: figures/Ajisai_Fail/ECI.png  used on input line 425.
(pdftex.def)             Requested size: 142.26378pt x 113.01138pt.
<figures/Ajisai_Fail/MRP.png, id=785, 413.02306pt x 328.1058pt>
File: figures/Ajisai_Fail/MRP.png Graphic file (type png)
<use figures/Ajisai_Fail/MRP.png>
Package pdftex.def Info: figures/Ajisai_Fail/MRP.png  used on input line 426.
(pdftex.def)             Requested size: 142.26378pt x 113.01138pt.
[46 <./figures/ajisai.jpg> <./figures/AJISAI_Axes.png>] [47 <./figures/ajisai_p
anels.jpg> <./figures/Ajisai_Fail/BODY.png> <./figures/Ajisai_Fail/CURVE.png> <
./figures/Ajisai_Fail/ECI.png> <./figures/Ajisai_Fail/MRP.png>]
<figures/ARIANE_Axes.png, id=800, 156.585pt x 156.585pt>
File: figures/ARIANE_Axes.png Graphic file (type png)
<use figures/ARIANE_Axes.png>
Package pdftex.def Info: figures/ARIANE_Axes.png  used on input line 443.
(pdftex.def)             Requested size: 170.71652pt x 170.72205pt.
<figures/Ariane_Success/BODY.png, id=801, 419.52734pt x 328.1058pt>
File: figures/Ariane_Success/BODY.png Graphic file (type png)
<use figures/Ariane_Success/BODY.png>
Package pdftex.def Info: figures/Ariane_Success/BODY.png  used on input line 45
0.
(pdftex.def)             Requested size: 142.26378pt x 111.26411pt.
<figures/Ariane_Success/CURVE.png, id=802, 435.42674pt x 328.1058pt>
File: figures/Ariane_Success/CURVE.png Graphic file (type png)
<use figures/Ariane_Success/CURVE.png>
Package pdftex.def Info: figures/Ariane_Success/CURVE.png  used on input line 4
51.
(pdftex.def)             Requested size: 142.26378pt x 107.19885pt.
<figures/Ariane_Success/ECI.png, id=803, 419.52734pt x 328.1058pt>
File: figures/Ariane_Success/ECI.png Graphic file (type png)
<use figures/Ariane_Success/ECI.png>
Package pdftex.def Info: figures/Ariane_Success/ECI.png  used on input line 453
.
(pdftex.def)             Requested size: 142.26378pt x 111.26411pt.
<figures/Ariane_Success/MRP.png, id=804, 419.52734pt x 328.1058pt>
File: figures/Ariane_Success/MRP.png Graphic file (type png)
<use figures/Ariane_Success/MRP.png>
Package pdftex.def Info: figures/Ariane_Success/MRP.png  used on input line 454
.
(pdftex.def)             Requested size: 142.26378pt x 111.26411pt.

Overfull \hbox (17.06934pt too wide) in paragraph at lines 468--478
 [][] 
 []

[48 <./figures/ARIANE_Axes.png>]) (chapters/Conclusion.tex [49 <./figures/Arian
e_Success/BODY.png> <./figures/Ariane_Success/CURVE.png> <./figures/Ariane_Succ
ess/ECI.png> <./figures/Ariane_Success/MRP.png>]
\uppercase {Chapter} 6.
[50

] [51]
\uppercase {Chapter} 7.

Package hyperref Warning: Difference (2) between bookmark levels is greater 
(hyperref)                than one, level fixed on input line 18.

[52

])) (main.bbl [53] [54

]) (appendix-outline.tex [55]
\openout2 = `appendices/Software_Used.aux'.


(appendices/Software_Used.tex
Appendix A.
) [56


]
\openout2 = `appendices/Light_Curve_Data.aux'.

 (appendices/Light_Curve_Data.tex
Appendix B.
<figures/sert_data/Sert-2_lc_0a.png, id=850, 414.46844pt x 314.01315pt>
File: figures/sert_data/Sert-2_lc_0a.png Graphic file (type png)
<use figures/sert_data/Sert-2_lc_0a.png>
Package pdftex.def Info: figures/sert_data/Sert-2_lc_0a.png  used on input line
 6.
(pdftex.def)             Requested size: 184.9429pt x 140.12111pt.
<figures/sert_data/Sert-2_lc_0b.png, id=851, 414.46844pt x 314.01315pt>
File: figures/sert_data/Sert-2_lc_0b.png Graphic file (type png)
<use figures/sert_data/Sert-2_lc_0b.png>
Package pdftex.def Info: figures/sert_data/Sert-2_lc_0b.png  used on input line
 6.
(pdftex.def)             Requested size: 184.9429pt x 140.12111pt.
<figures/sert_data/Sert-2_lc_1a.png, id=852, 420.97275pt x 314.01315pt>
File: figures/sert_data/Sert-2_lc_1a.png Graphic file (type png)
<use figures/sert_data/Sert-2_lc_1a.png>
Package pdftex.def Info: figures/sert_data/Sert-2_lc_1a.png  used on input line
 11.
(pdftex.def)             Requested size: 184.9429pt x 137.95059pt.
<figures/sert_data/Sert-2_lc_1b.png, id=853, 420.6114pt x 314.01315pt>
File: figures/sert_data/Sert-2_lc_1b.png Graphic file (type png)
<use figures/sert_data/Sert-2_lc_1b.png>
Package pdftex.def Info: figures/sert_data/Sert-2_lc_1b.png  used on input line
 11.
(pdftex.def)             Requested size: 184.9429pt x 138.07037pt.
<figures/sert_data/Sert-2_lc_2a.png, id=854, 414.46844pt x 314.01315pt>
File: figures/sert_data/Sert-2_lc_2a.png Graphic file (type png)
<use figures/sert_data/Sert-2_lc_2a.png>
Package pdftex.def Info: figures/sert_data/Sert-2_lc_2a.png  used on input line
 16.
(pdftex.def)             Requested size: 184.9429pt x 140.12111pt.
<figures/sert_data/Sert-2_lc_2b.png, id=855, 414.46844pt x 314.01315pt>
File: figures/sert_data/Sert-2_lc_2b.png Graphic file (type png)
<use figures/sert_data/Sert-2_lc_2b.png>
Package pdftex.def Info: figures/sert_data/Sert-2_lc_2b.png  used on input line
 16.
(pdftex.def)             Requested size: 184.9429pt x 140.12111pt.
[57



 <./figures/sert_data/Sert-2_lc_0a.png> <./figures/sert_data/Sert-2_lc_0b.png> 
<./figures/sert_data/Sert-2_lc_1a.png> <./figures/sert_data/Sert-2_lc_1b.png>]
<figures/sert_data/Sert-2_lc_3a.png, id=864, 420.6114pt x 314.01315pt>
File: figures/sert_data/Sert-2_lc_3a.png Graphic file (type png)
<use figures/sert_data/Sert-2_lc_3a.png>
Package pdftex.def Info: figures/sert_data/Sert-2_lc_3a.png  used on input line
 21.
(pdftex.def)             Requested size: 184.9429pt x 138.07037pt.
<figures/sert_data/Sert-2_lc_3b.png, id=865, 420.6114pt x 314.01315pt>
File: figures/sert_data/Sert-2_lc_3b.png Graphic file (type png)
<use figures/sert_data/Sert-2_lc_3b.png>
Package pdftex.def Info: figures/sert_data/Sert-2_lc_3b.png  used on input line
 21.
(pdftex.def)             Requested size: 184.9429pt x 138.07037pt.
<figures/sert_data/Sert-2_lc_4a.png, id=866, 418.4433pt x 314.01315pt>
File: figures/sert_data/Sert-2_lc_4a.png Graphic file (type png)
<use figures/sert_data/Sert-2_lc_4a.png>
Package pdftex.def Info: figures/sert_data/Sert-2_lc_4a.png  used on input line
 26.
(pdftex.def)             Requested size: 184.9429pt x 138.7843pt.
<figures/sert_data/Sert-2_lc_4b.png, id=867, 414.46844pt x 314.01315pt>
File: figures/sert_data/Sert-2_lc_4b.png Graphic file (type png)
<use figures/sert_data/Sert-2_lc_4b.png>
Package pdftex.def Info: figures/sert_data/Sert-2_lc_4b.png  used on input line
 26.
(pdftex.def)             Requested size: 184.9429pt x 140.12111pt.
<figures/sert_data/Sert-2_lc_5a.png, id=868, 422.41815pt x 314.01315pt>
File: figures/sert_data/Sert-2_lc_5a.png Graphic file (type png)
<use figures/sert_data/Sert-2_lc_5a.png>
Package pdftex.def Info: figures/sert_data/Sert-2_lc_5a.png  used on input line
 31.
(pdftex.def)             Requested size: 184.9429pt x 137.48103pt.
<figures/sert_data/Sert-2_lc_5b.png, id=869, 420.97275pt x 314.01315pt>
File: figures/sert_data/Sert-2_lc_5b.png Graphic file (type png)
<use figures/sert_data/Sert-2_lc_5b.png>
Package pdftex.def Info: figures/sert_data/Sert-2_lc_5b.png  used on input line
 31.
(pdftex.def)             Requested size: 184.9429pt x 137.95059pt.
 [58 <./figures/sert_data/Sert-2_lc_2a.png> <./figures/sert_data/Sert-2_lc_2b.p
ng> <./figures/sert_data/Sert-2_lc_3a.png> <./figures/sert_data/Sert-2_lc_3b.pn
g> <./figures/sert_data/Sert-2_lc_4a.png> <./figures/sert_data/Sert-2_lc_4b.png
>]
<figures/sert_data/Sert-2_lc_6a.png, id=880, 420.6114pt x 314.01315pt>
File: figures/sert_data/Sert-2_lc_6a.png Graphic file (type png)
<use figures/sert_data/Sert-2_lc_6a.png>
Package pdftex.def Info: figures/sert_data/Sert-2_lc_6a.png  used on input line
 36.
(pdftex.def)             Requested size: 184.9429pt x 138.07037pt.
<figures/sert_data/Sert-2_lc_6b.png, id=881, 420.6114pt x 314.01315pt>
File: figures/sert_data/Sert-2_lc_6b.png Graphic file (type png)
<use figures/sert_data/Sert-2_lc_6b.png>
Package pdftex.def Info: figures/sert_data/Sert-2_lc_6b.png  used on input line
 36.
(pdftex.def)             Requested size: 184.9429pt x 138.07037pt.
<figures/sert_data/Sert-2_lc_7a.png, id=882, 420.6114pt x 314.01315pt>
File: figures/sert_data/Sert-2_lc_7a.png Graphic file (type png)
<use figures/sert_data/Sert-2_lc_7a.png>
Package pdftex.def Info: figures/sert_data/Sert-2_lc_7a.png  used on input line
 41.
(pdftex.def)             Requested size: 184.9429pt x 138.07037pt.
<figures/sert_data/Sert-2_lc_7b.png, id=883, 420.6114pt x 314.01315pt>
File: figures/sert_data/Sert-2_lc_7b.png Graphic file (type png)
<use figures/sert_data/Sert-2_lc_7b.png>
Package pdftex.def Info: figures/sert_data/Sert-2_lc_7b.png  used on input line
 41.
(pdftex.def)             Requested size: 184.9429pt x 138.07037pt.
<figures/sert_data/Sert-2_lc_8a.png, id=884, 427.1157pt x 314.01315pt>
File: figures/sert_data/Sert-2_lc_8a.png Graphic file (type png)
<use figures/sert_data/Sert-2_lc_8a.png>
Package pdftex.def Info: figures/sert_data/Sert-2_lc_8a.png  used on input line
 46.
(pdftex.def)             Requested size: 184.9429pt x 135.96693pt.
<figures/sert_data/Sert-2_lc_8b.png, id=885, 427.1157pt x 314.01315pt>
File: figures/sert_data/Sert-2_lc_8b.png Graphic file (type png)
<use figures/sert_data/Sert-2_lc_8b.png>
Package pdftex.def Info: figures/sert_data/Sert-2_lc_8b.png  used on input line
 46.
(pdftex.def)             Requested size: 184.9429pt x 135.96693pt.
 [59 <./figures/sert_data/Sert-2_lc_5a.png> <./figures/sert_data/Sert-2_lc_5b.p
ng> <./figures/sert_data/Sert-2_lc_6a.png> <./figures/sert_data/Sert-2_lc_6b.pn
g> <./figures/sert_data/Sert-2_lc_7a.png> <./figures/sert_data/Sert-2_lc_7b.png
>]
<figures/sert_data/Sert-2_lc_9a.png, id=896, 420.97275pt x 314.01315pt>
File: figures/sert_data/Sert-2_lc_9a.png Graphic file (type png)
<use figures/sert_data/Sert-2_lc_9a.png>
Package pdftex.def Info: figures/sert_data/Sert-2_lc_9a.png  used on input line
 51.
(pdftex.def)             Requested size: 184.9429pt x 137.95059pt.
<figures/sert_data/Sert-2_lc_9b.png, id=897, 420.97275pt x 314.01315pt>
File: figures/sert_data/Sert-2_lc_9b.png Graphic file (type png)
<use figures/sert_data/Sert-2_lc_9b.png>
Package pdftex.def Info: figures/sert_data/Sert-2_lc_9b.png  used on input line
 51.
(pdftex.def)             Requested size: 184.9429pt x 137.95059pt.
<figures/ajisai_data/AJISAI_lc_0a.png, id=898, 420.6114pt x 314.01315pt>
File: figures/ajisai_data/AJISAI_lc_0a.png Graphic file (type png)
<use figures/ajisai_data/AJISAI_lc_0a.png>
Package pdftex.def Info: figures/ajisai_data/AJISAI_lc_0a.png  used on input li
ne 58.
(pdftex.def)             Requested size: 184.9429pt x 138.07037pt.
<figures/ajisai_data/AJISAI_lc_0b.png, id=899, 423.14085pt x 314.01315pt>
File: figures/ajisai_data/AJISAI_lc_0b.png Graphic file (type png)
<use figures/ajisai_data/AJISAI_lc_0b.png>
Package pdftex.def Info: figures/ajisai_data/AJISAI_lc_0b.png  used on input li
ne 58.
(pdftex.def)             Requested size: 184.9429pt x 137.25104pt.
<figures/ajisai_data/AJISAI_lc_1a.png, id=900, 422.7795pt x 314.01315pt>
File: figures/ajisai_data/AJISAI_lc_1a.png Graphic file (type png)
<use figures/ajisai_data/AJISAI_lc_1a.png>
Package pdftex.def Info: figures/ajisai_data/AJISAI_lc_1a.png  used on input li
ne 63.
(pdftex.def)             Requested size: 184.9429pt x 137.36603pt.
<figures/ajisai_data/AJISAI_lc_1b.png, id=901, 420.6114pt x 314.01315pt>
File: figures/ajisai_data/AJISAI_lc_1b.png Graphic file (type png)
<use figures/ajisai_data/AJISAI_lc_1b.png>
Package pdftex.def Info: figures/ajisai_data/AJISAI_lc_1b.png  used on input li
ne 63.
(pdftex.def)             Requested size: 184.9429pt x 138.07037pt.
 [60 <./figures/sert_data/Sert-2_lc_8a.png> <./figures/sert_data/Sert-2_lc_8b.p
ng> <./figures/sert_data/Sert-2_lc_9a.png> <./figures/sert_data/Sert-2_lc_9b.pn
g> <./figures/ajisai_data/AJISAI_lc_0a.png> <./figures/ajisai_data/AJISAI_lc_0b
.png>]
<figures/ajisai_data/AJISAI_lc_2a.png, id=912, 426.393pt x 316.18124pt>
File: figures/ajisai_data/AJISAI_lc_2a.png Graphic file (type png)
<use figures/ajisai_data/AJISAI_lc_2a.png>
Package pdftex.def Info: figures/ajisai_data/AJISAI_lc_2a.png  used on input li
ne 68.
(pdftex.def)             Requested size: 184.9429pt x 137.13728pt.
<figures/ajisai_data/AJISAI_lc_2b.png, id=913, 414.46844pt x 314.01315pt>
File: figures/ajisai_data/AJISAI_lc_2b.png Graphic file (type png)
<use figures/ajisai_data/AJISAI_lc_2b.png>
Package pdftex.def Info: figures/ajisai_data/AJISAI_lc_2b.png  used on input li
ne 68.
(pdftex.def)             Requested size: 184.9429pt x 140.12111pt.
<figures/ariane_data/ARIANE_lc_0a.png, id=914, 420.97275pt x 314.01315pt>
File: figures/ariane_data/ARIANE_lc_0a.png Graphic file (type png)
<use figures/ariane_data/ARIANE_lc_0a.png>
Package pdftex.def Info: figures/ariane_data/ARIANE_lc_0a.png  used on input li
ne 75.
(pdftex.def)             Requested size: 184.9429pt x 137.95059pt.
<figures/ariane_data/ARIANE_lc_0b.png, id=915, 424.9476pt x 314.01315pt>
File: figures/ariane_data/ARIANE_lc_0b.png Graphic file (type png)
<use figures/ariane_data/ARIANE_lc_0b.png>
Package pdftex.def Info: figures/ariane_data/ARIANE_lc_0b.png  used on input li
ne 75.
(pdftex.def)             Requested size: 184.9429pt x 136.66168pt.
<figures/ariane_data/ARIANE_lc_1a.png, id=916, 420.6114pt x 314.01315pt>
File: figures/ariane_data/ARIANE_lc_1a.png Graphic file (type png)
<use figures/ariane_data/ARIANE_lc_1a.png>
Package pdftex.def Info: figures/ariane_data/ARIANE_lc_1a.png  used on input li
ne 80.
(pdftex.def)             Requested size: 184.9429pt x 138.07037pt.
<figures/ariane_data/ARIANE_lc_1b.png, id=917, 420.6114pt x 314.01315pt>
File: figures/ariane_data/ARIANE_lc_1b.png Graphic file (type png)
<use figures/ariane_data/ARIANE_lc_1b.png>
Package pdftex.def Info: figures/ariane_data/ARIANE_lc_1b.png  used on input li
ne 80.
(pdftex.def)             Requested size: 184.9429pt x 138.07037pt.
 [61 <./figures/ajisai_data/AJISAI_lc_1a.png> <./figures/ajisai_data/AJISAI_lc_
1b.png> <./figures/ajisai_data/AJISAI_lc_2a.png> <./figures/ajisai_data/AJISAI_
lc_2b.png> <./figures/ariane_data/ARIANE_lc_0a.png> <./figures/ariane_data/ARIA
NE_lc_0b.png>]
<figures/ariane_data/ARIANE_lc_2a.png, id=928, 423.86356pt x 314.01315pt>
File: figures/ariane_data/ARIANE_lc_2a.png Graphic file (type png)
<use figures/ariane_data/ARIANE_lc_2a.png>
Package pdftex.def Info: figures/ariane_data/ARIANE_lc_2a.png  used on input li
ne 85.
(pdftex.def)             Requested size: 184.9429pt x 137.01146pt.
<figures/ariane_data/ARIANE_lc_2b.png, id=929, 420.97275pt x 314.01315pt>
File: figures/ariane_data/ARIANE_lc_2b.png Graphic file (type png)
<use figures/ariane_data/ARIANE_lc_2b.png>
Package pdftex.def Info: figures/ariane_data/ARIANE_lc_2b.png  used on input li
ne 85.
(pdftex.def)             Requested size: 184.9429pt x 137.95059pt.
<figures/ariane_data/ARIANE_lc_3a.png, id=930, 420.97275pt x 314.01315pt>
File: figures/ariane_data/ARIANE_lc_3a.png Graphic file (type png)
<use figures/ariane_data/ARIANE_lc_3a.png>
Package pdftex.def Info: figures/ariane_data/ARIANE_lc_3a.png  used on input li
ne 90.
(pdftex.def)             Requested size: 184.9429pt x 137.95059pt.
<figures/ariane_data/ARIANE_lc_3b.png, id=931, 420.97275pt x 314.01315pt>
File: figures/ariane_data/ARIANE_lc_3b.png Graphic file (type png)
<use figures/ariane_data/ARIANE_lc_3b.png>
Package pdftex.def Info: figures/ariane_data/ARIANE_lc_3b.png  used on input li
ne 90.
(pdftex.def)             Requested size: 184.9429pt x 137.95059pt.
<figures/ariane_data/ARIANE_lc_4a.png, id=932, 423.5022pt x 314.01315pt>
File: figures/ariane_data/ARIANE_lc_4a.png Graphic file (type png)
<use figures/ariane_data/ARIANE_lc_4a.png>
Package pdftex.def Info: figures/ariane_data/ARIANE_lc_4a.png  used on input li
ne 95.
(pdftex.def)             Requested size: 184.9429pt x 137.12646pt.
<figures/ariane_data/ARIANE_lc_4b.png, id=933, 420.6114pt x 314.01315pt>
File: figures/ariane_data/ARIANE_lc_4b.png Graphic file (type png)
<use figures/ariane_data/ARIANE_lc_4b.png>
Package pdftex.def Info: figures/ariane_data/ARIANE_lc_4b.png  used on input li
ne 95.
(pdftex.def)             Requested size: 184.9429pt x 138.07037pt.
 [62 <./figures/ariane_data/ARIANE_lc_1a.png> <./figures/ariane_data/ARIANE_lc_
1b.png> <./figures/ariane_data/ARIANE_lc_2a.png> <./figures/ariane_data/ARIANE_
lc_2b.png> <./figures/ariane_data/ARIANE_lc_3a.png> <./figures/ariane_data/ARIA
NE_lc_3b.png>]
<figures/ariane_data/ARIANE_lc_5a.png, id=945, 420.6114pt x 314.01315pt>
File: figures/ariane_data/ARIANE_lc_5a.png Graphic file (type png)
<use figures/ariane_data/ARIANE_lc_5a.png>
Package pdftex.def Info: figures/ariane_data/ARIANE_lc_5a.png  used on input li
ne 100.
(pdftex.def)             Requested size: 184.9429pt x 138.07037pt.
<figures/ariane_data/ARIANE_lc_5b.png, id=946, 420.6114pt x 314.01315pt>
File: figures/ariane_data/ARIANE_lc_5b.png Graphic file (type png)
<use figures/ariane_data/ARIANE_lc_5b.png>
Package pdftex.def Info: figures/ariane_data/ARIANE_lc_5b.png  used on input li
ne 100.
(pdftex.def)             Requested size: 184.9429pt x 138.07037pt.
<figures/ariane_data/ARIANE_lc_6a.png, id=947, 420.97275pt x 314.01315pt>
File: figures/ariane_data/ARIANE_lc_6a.png Graphic file (type png)
<use figures/ariane_data/ARIANE_lc_6a.png>
Package pdftex.def Info: figures/ariane_data/ARIANE_lc_6a.png  used on input li
ne 105.
(pdftex.def)             Requested size: 184.9429pt x 137.95059pt.
<figures/ariane_data/ARIANE_lc_6b.png, id=948, 420.6114pt x 314.01315pt>
File: figures/ariane_data/ARIANE_lc_6b.png Graphic file (type png)
<use figures/ariane_data/ARIANE_lc_6b.png>
Package pdftex.def Info: figures/ariane_data/ARIANE_lc_6b.png  used on input li
ne 105.
(pdftex.def)             Requested size: 184.9429pt x 138.07037pt.
<figures/ariane_data/ARIANE_lc_7a.png, id=949, 427.1157pt x 314.01315pt>
File: figures/ariane_data/ARIANE_lc_7a.png Graphic file (type png)
<use figures/ariane_data/ARIANE_lc_7a.png>
Package pdftex.def Info: figures/ariane_data/ARIANE_lc_7a.png  used on input li
ne 110.
(pdftex.def)             Requested size: 184.9429pt x 135.96693pt.
<figures/ariane_data/ARIANE_lc_7b.png, id=950, 427.1157pt x 314.01315pt>
File: figures/ariane_data/ARIANE_lc_7b.png Graphic file (type png)
<use figures/ariane_data/ARIANE_lc_7b.png>
Package pdftex.def Info: figures/ariane_data/ARIANE_lc_7b.png  used on input li
ne 110.
(pdftex.def)             Requested size: 184.9429pt x 135.96693pt.
) [63 <./figures/ariane_data/ARIANE_lc_4a.png> <./figures/ariane_data/ARIANE_lc
_4b.png> <./figures/ariane_data/ARIANE_lc_5a.png> <./figures/ariane_data/ARIANE
_lc_5b.png> <./figures/ariane_data/ARIANE_lc_6a.png> <./figures/ariane_data/ARI
ANE_lc_6b.png>] [64 <./figures/ariane_data/ARIANE_lc_7a.png> <./figures/ariane_
data/ARIANE_lc_7b.png>])

Package glossaries Warning: No \printglossary or \printglossaries found. 
(Remove \makeglossaries if you don't want any glossaries.) 
This document will not have a glossary.

Package atveryend Info: Empty hook `BeforeClearDocument' on input line 170.
Package atveryend Info: Empty hook `AfterLastShipout' on input line 170.
(main.aux (appendices/Software_Used.aux) (appendices/Light_Curve_Data.aux))
Package atveryend Info: Executing hook `AtVeryEndDocument' on input line 170.
Package atveryend Info: Executing hook `AtEndAfterFileList' on input line 170.
Package rerunfilecheck Info: File `main.out' has not changed.
(rerunfilecheck)             Checksum: 91774FEBC1F21E10D44339CDEFFEEE0B;3055.
 ) 
Here is how much of TeX's memory you used:
 17201 strings out of 492946
 282559 string characters out of 3126388
 452284 words of memory out of 3000000
 20389 multiletter control sequences out of 15000+200000
 12966 words of font info for 47 fonts, out of 3000000 for 9000
 1141 hyphenation exceptions out of 8191
 136i,14n,131p,1020b,852s stack positions out of 5000i,500n,10000p,200000b,50000s
<C:/Users/theha/AppData/Local/Programs/MiKTeX 2.9/fonts/type1/public/amsfonts
/cm/cmbx10.pfb><C:/Users/theha/AppData/Local/Programs/MiKTeX 2.9/fonts/type1/pu
blic/amsfonts/cm/cmbx12.pfb><C:/Users/theha/AppData/Local/Programs/MiKTeX 2.9/f
onts/type1/public/amsfonts/cm/cmex10.pfb><C:/Users/theha/AppData/Local/Programs
/MiKTeX 2.9/fonts/type1/public/amsfonts/cm/cmmi12.pfb><C:/Users/theha/AppData/L
ocal/Programs/MiKTeX 2.9/fonts/type1/public/amsfonts/cm/cmmi6.pfb><C:/Users/the
ha/AppData/Local/Programs/MiKTeX 2.9/fonts/type1/public/amsfonts/cm/cmmi8.pfb><
C:/Users/theha/AppData/Local/Programs/MiKTeX 2.9/fonts/type1/public/amsfonts/cm
/cmmib10.pfb><C:/Users/theha/AppData/Local/Programs/MiKTeX 2.9/fonts/type1/publ
ic/amsfonts/cm/cmr12.pfb><C:/Users/theha/AppData/Local/Programs/MiKTeX 2.9/font
s/type1/public/amsfonts/cm/cmr6.pfb><C:/Users/theha/AppData/Local/Programs/MiKT
eX 2.9/fonts/type1/public/amsfonts/cm/cmr8.pfb><C:/Users/theha/AppData/Local/Pr
ograms/MiKTeX 2.9/fonts/type1/public/amsfonts/cm/cmsy10.pfb><C:/Users/theha/App
Data/Local/Programs/MiKTeX 2.9/fonts/type1/public/amsfonts/cm/cmsy6.pfb><C:/Use
rs/theha/AppData/Local/Programs/MiKTeX 2.9/fonts/type1/public/amsfonts/cm/cmsy8
.pfb><C:/Users/theha/AppData/Local/Programs/MiKTeX 2.9/fonts/type1/public/amsfo
nts/cm/cmti12.pfb>
Output written on main.pdf (75 pages, 10147742 bytes).
PDF statistics:
 1070 PDF objects out of 1200 (max. 8388607)
 253 named destinations out of 1000 (max. 500000)
 830 words of extra memory for PDF output out of 10000 (max. 10000000)

